<?xml version="1.0" encoding="UTF-8"?>
<!-- Generated by org.testng.reporters.JUnitXMLReporter -->
<testsuite hostname="Arnabs-MacBook-Pro.local" ignored="0" name="Second Test" tests="1" failures="1" timestamp="30 Jul 2018 09:52:59 GMT" time="2.124" errors="0">
  <testcase name="testLoginB" time="0.002" classname="com.autoFramework.B">
    <failure type="java.lang.AssertionError" message="expected [true] but found [false]">
      <![CDATA[java.lang.AssertionError: expected [true] but found [false]at com.autoFramework.B.testLoginB(B.java:19)... Removed 29 stack frames]]>
    </failure>
  </testcase> <!-- testLoginB -->
</testsuite> <!-- Second Test -->
