<?xml version="1.0" encoding="UTF-8"?>
<!-- Generated by org.testng.reporters.JUnitXMLReporter -->
<testsuite hostname="Arnabs-MacBook-Pro.local" ignored="0" name="Third Test" tests="1" failures="1" timestamp="30 Jul 2018 09:53:01 GMT" time="1.543" errors="0">
  <testcase name="testLoginC" time="0.002" classname="com.autoFramework.C">
    <failure type="java.lang.AssertionError" message="expected [true] but found [false]">
      <![CDATA[java.lang.AssertionError: expected [true] but found [false]at com.autoFramework.C.testLoginC(C.java:16)... Removed 29 stack frames]]>
    </failure>
  </testcase> <!-- testLoginC -->
</testsuite> <!-- Third Test -->
