<?xml version="1.0" encoding="UTF-8"?>
<!-- Generated by org.testng.reporters.JUnitXMLReporter -->
<testsuite hostname="Arnabs-MacBook-Pro.local" ignored="0" name="Test" tests="4" failures="2" timestamp="27 Jul 2018 14:43:33 GMT" time="0.105" errors="0">
  <testcase name="testLogin" time="0.038" classname="com.autoFramework.myCompany.myProjectFramework.testScripts.Test1"/>
  <testcase name="testLogin1" time="0.002" classname="com.autoFramework.myCompany.myProjectFramework.testScripts.Test1">
    <failure type="java.lang.AssertionError" message="expected [true] but found [false]">
      <![CDATA[java.lang.AssertionError: expected [true] but found [false]at com.autoFramework.myCompany.myProjectFramework.helper.assertion.AssertionHelper.markFail(AssertionHelper.java:31)at com.autoFramework.myCompany.myProjectFramework.testScripts.Test1.testLogin1(Test1.java:20)... Removed 29 stack frames]]>
    </failure>
  </testcase> <!-- testLogin1 -->
  <testcase name="testLogin2" time="0.001" classname="com.autoFramework.myCompany.myProjectFramework.testScripts.Test1"/>
  <testcase name="testLogin3" time="0.002" classname="com.autoFramework.myCompany.myProjectFramework.testScripts.Test1">
    <failure type="java.lang.AssertionError" message="expected [true] but found [false]">
      <![CDATA[java.lang.AssertionError: expected [true] but found [false]at com.autoFramework.myCompany.myProjectFramework.helper.assertion.AssertionHelper.markFail(AssertionHelper.java:31)at com.autoFramework.myCompany.myProjectFramework.testScripts.Test1.testLogin3(Test1.java:30)... Removed 29 stack frames]]>
    </failure>
  </testcase> <!-- testLogin3 -->
</testsuite> <!-- Test -->
